<?xml version="1.0" encoding="utf-8"?><testsuites name="pytest tests"><testsuite name="pytest" errors="0" failures="0" skipped="0" tests="13" time="1.980" timestamp="2026-08-20T07:43:18.993380+00:00" hostname="agent-env-862961bf-4355-4b13-a6d9-467ad06d7afd"><testcase classname="tests.test_backend_api" name="test_root_ok" time="0.556" /><testcase classname="tests.test_backend_api" name="test_cities_default_list" time="0.085" /><testcase classname="tests.test_backend_api" name="test_cities_search_bandung" time="0.101" /><testcase classname="tests.test_backend_api" name="test_cities_search_london" time="0.102" /><testcase classname="tests.test_backend_api" name="test_city_by_id_bandung" time="0.282" /><testcase classname="tests.test_backend_api" name="test_city_by_id_not_found" time="0.085" /><testcase classname="tests.test_backend_api" name="test_blueprint_shape" time="0.114" /><testcase classname="tests.test_backend_api" name="test_blueprint_type_authority_profile" time="0.000" /><testcase classname="tests.test_backend_api" name="test_blueprint_activations" time="0.000" /><testcase classname="tests.test_backend_api" name="test_blueprint_rejects_iso_date" time="0.083" /><testcase classname="tests.test_backend_api" name="test_blueprint_rejects_impossible_date" time="0.062" /><testcase classname="tests.test_backend_api" name="test_blueprint_rejects_empty_name" time="0.073" /><testcase classname="tests.test_backend_api" name="test_blueprint_rejects_invalid_city" time="0.075" /></testsuite></testsuites>