<?xml version="1.0" encoding="utf-8"?><testsuites name="pytest tests"><testsuite name="pytest" errors="0" failures="3" skipped="0" tests="3" time="0.422" timestamp="2026-08-19T03:28:02.475713+00:00" hostname="agent-env-862961bf-4355-4b13-a6d9-467ad06d7afd"><testcase classname="tests.test_blueprint_contract" name="test_blueprint_accepts_required_date_format" time="0.001"><failure message="requests.exceptions.MissingSchema: Invalid URL '/api/blueprint': No scheme supplied. Perhaps you meant https:///api/blueprint?">backend/tests/test_blueprint_contract.py:8: in test_blueprint_accepts_required_date_format
    response = requests.post(f"{BASE_URL}/api/blueprint", json={"birth_date": "01-01-1990", "birth_time": "12:00", "city_id": "jakarta"})
               ^^^^^^^^^^^^^^^^^^^^^^^^^^^^^^^^^^^^^^^^^^^^^^^^^^^^^^^^^^^^^^^^^^^^^^^^^^^^^^^^^^^^^^^^^^^^^^^^^^^^^^^^^^^^^^^^^^^^^^^^^^
/root/.venv/lib/python3.11/site-packages/requests/api.py:134: in post
    return request("post", url, data=data, json=json, **kwargs)
           ^^^^^^^^^^^^^^^^^^^^^^^^^^^^^^^^^^^^^^^^^^^^^^^^^^^^
/root/.venv/lib/python3.11/site-packages/requests/api.py:71: in request
    return session.request(method=method, url=url, **kwargs)
           ^^^^^^^^^^^^^^^^^^^^^^^^^^^^^^^^^^^^^^^^^^^^^^^^^
/root/.venv/lib/python3.11/site-packages/requests/sessions.py:635: in request
    prep = self.prepare_request(req)
           ^^^^^^^^^^^^^^^^^^^^^^^^^
/root/.venv/lib/python3.11/site-packages/requests/sessions.py:541: in prepare_request
    p.prepare(
/root/.venv/lib/python3.11/site-packages/requests/models.py:439: in prepare
    self.prepare_url(url, params)
/root/.venv/lib/python3.11/site-packages/requests/models.py:514: in prepare_url
    raise MissingSchema(
E   requests.exceptions.MissingSchema: Invalid URL '/api/blueprint': No scheme supplied. Perhaps you meant https:///api/blueprint?</failure></testcase><testcase classname="tests.test_blueprint_contract" name="test_blueprint_rejects_iso_date" time="0.001"><failure message="requests.exceptions.MissingSchema: Invalid URL '/api/blueprint': No scheme supplied. Perhaps you meant https:///api/blueprint?">backend/tests/test_blueprint_contract.py:15: in test_blueprint_rejects_iso_date
    response = requests.post(f"{BASE_URL}/api/blueprint", json={"birth_date": "1990-01-01", "birth_time": "12:00", "city_id": "jakarta"})
               ^^^^^^^^^^^^^^^^^^^^^^^^^^^^^^^^^^^^^^^^^^^^^^^^^^^^^^^^^^^^^^^^^^^^^^^^^^^^^^^^^^^^^^^^^^^^^^^^^^^^^^^^^^^^^^^^^^^^^^^^^^
/root/.venv/lib/python3.11/site-packages/requests/api.py:134: in post
    return request("post", url, data=data, json=json, **kwargs)
           ^^^^^^^^^^^^^^^^^^^^^^^^^^^^^^^^^^^^^^^^^^^^^^^^^^^^
/root/.venv/lib/python3.11/site-packages/requests/api.py:71: in request
    return session.request(method=method, url=url, **kwargs)
           ^^^^^^^^^^^^^^^^^^^^^^^^^^^^^^^^^^^^^^^^^^^^^^^^^
/root/.venv/lib/python3.11/site-packages/requests/sessions.py:635: in request
    prep = self.prepare_request(req)
           ^^^^^^^^^^^^^^^^^^^^^^^^^
/root/.venv/lib/python3.11/site-packages/requests/sessions.py:541: in prepare_request
    p.prepare(
/root/.venv/lib/python3.11/site-packages/requests/models.py:439: in prepare
    self.prepare_url(url, params)
/root/.venv/lib/python3.11/site-packages/requests/models.py:514: in prepare_url
    raise MissingSchema(
E   requests.exceptions.MissingSchema: Invalid URL '/api/blueprint': No scheme supplied. Perhaps you meant https:///api/blueprint?</failure></testcase><testcase classname="tests.test_blueprint_contract" name="test_blueprint_rejects_impossible_date" time="0.001"><failure message="requests.exceptions.MissingSchema: Invalid URL '/api/blueprint': No scheme supplied. Perhaps you meant https:///api/blueprint?">backend/tests/test_blueprint_contract.py:20: in test_blueprint_rejects_impossible_date
    response = requests.post(f"{BASE_URL}/api/blueprint", json={"birth_date": "31-02-1990", "birth_time": "12:00", "city_id": "jakarta"})
               ^^^^^^^^^^^^^^^^^^^^^^^^^^^^^^^^^^^^^^^^^^^^^^^^^^^^^^^^^^^^^^^^^^^^^^^^^^^^^^^^^^^^^^^^^^^^^^^^^^^^^^^^^^^^^^^^^^^^^^^^^^
/root/.venv/lib/python3.11/site-packages/requests/api.py:134: in post
    return request("post", url, data=data, json=json, **kwargs)
           ^^^^^^^^^^^^^^^^^^^^^^^^^^^^^^^^^^^^^^^^^^^^^^^^^^^^
/root/.venv/lib/python3.11/site-packages/requests/api.py:71: in request
    return session.request(method=method, url=url, **kwargs)
           ^^^^^^^^^^^^^^^^^^^^^^^^^^^^^^^^^^^^^^^^^^^^^^^^^
/root/.venv/lib/python3.11/site-packages/requests/sessions.py:635: in request
    prep = self.prepare_request(req)
           ^^^^^^^^^^^^^^^^^^^^^^^^^
/root/.venv/lib/python3.11/site-packages/requests/sessions.py:541: in prepare_request
    p.prepare(
/root/.venv/lib/python3.11/site-packages/requests/models.py:439: in prepare
    self.prepare_url(url, params)
/root/.venv/lib/python3.11/site-packages/requests/models.py:514: in prepare_url
    raise MissingSchema(
E   requests.exceptions.MissingSchema: Invalid URL '/api/blueprint': No scheme supplied. Perhaps you meant https:///api/blueprint?</failure></testcase></testsuite></testsuites>