<?xml version="1.0" encoding="utf-8"?><testsuites name="pytest tests"><testsuite name="pytest" errors="0" failures="0" skipped="0" tests="6" time="0.924" timestamp="2026-08-20T08:04:28.519960+00:00" hostname="agent-env-862961bf-4355-4b13-a6d9-467ad06d7afd"><testcase classname="tests.test_blueprint_charts_api" name="test_blueprint_chart[Firza]" time="0.192" /><testcase classname="tests.test_blueprint_charts_api" name="test_blueprint_chart[Tresna]" time="0.100" /><testcase classname="tests.test_blueprint_charts_api" name="test_blueprint_chart[Delicia]" time="0.070" /><testcase classname="tests.test_blueprint_charts_api" name="test_blueprint_chart[Sarah]" time="0.073" /><testcase classname="tests.test_blueprint_charts_api" name="test_blueprint_chart[Bryan]" time="0.066" /><testcase classname="tests.test_blueprint_charts_api" name="test_tresna_reflector_lunar_rule" time="0.101" /></testsuite></testsuites>