<?xml version="1.0" encoding="utf-8"?><testsuites name="pytest tests"><testsuite name="pytest" errors="0" failures="0" skipped="0" tests="15" time="2.231" timestamp="2026-08-20T08:03:55.712810+00:00" hostname="agent-env-862961bf-4355-4b13-a6d9-467ad06d7afd"><testcase classname="tests.test_human_design" name="test_structural_invariants" time="0.000" /><testcase classname="tests.test_backend_api" name="test_root_ok" time="0.510" /><testcase classname="tests.test_human_design" name="test_charts_all_compute" time="0.012" /><testcase classname="tests.test_backend_api" name="test_cities_default_list" time="0.097" /><testcase classname="tests.test_backend_api" name="test_cities_search_bandung" time="0.096" /><testcase classname="tests.test_backend_api" name="test_cities_search_london" time="0.087" /><testcase classname="tests.test_backend_api" name="test_city_by_id_bandung" time="0.072" /><testcase classname="tests.test_backend_api" name="test_city_by_id_not_found" time="0.082" /><testcase classname="tests.test_backend_api" name="test_blueprint_shape" time="0.083" /><testcase classname="tests.test_backend_api" name="test_blueprint_type_authority_profile" time="0.000" /><testcase classname="tests.test_backend_api" name="test_blueprint_activations" time="0.000" /><testcase classname="tests.test_backend_api" name="test_blueprint_rejects_iso_date" time="0.090" /><testcase classname="tests.test_backend_api" name="test_blueprint_rejects_impossible_date" time="0.297" /><testcase classname="tests.test_backend_api" name="test_blueprint_rejects_empty_name" time="0.061" /><testcase classname="tests.test_backend_api" name="test_blueprint_rejects_invalid_city" time="0.408" /></testsuite></testsuites>